<?xml version="1.0" encoding="UTF-8"?>
<!-- Generated by org.testng.reporters.JUnitReportReporter -->
<testsuite hostname="ASDA1708PO02529" name="testLink.TestClass" tests="13" failures="0" timestamp="12 Jul 2018 04:25:28 GMT" time="16.262" errors="0">
  <testcase name="test001_basic_auth_test" time="0.221" classname="testLink.TestClass"/>
  <testcase name="test002_Check_for_Broken_Image" time="0.484" classname="testLink.TestClass"/>
  <testcase name="test008_test_For_3Images_Displayed" time="0.269" classname="testLink.TestClass"/>
  <testcase name="test011_WYSIWYG_Editor" time="4.796" classname="testLink.TestClass"/>
  <testcase name="test012_Status_Codes" time="0.334" classname="testLink.TestClass"/>
  <testcase name="test004_Sortable_Data_Tables" time="0.373" classname="testLink.TestClass"/>
  <testcase name="test010_WYSIWYG_Editor_Visible" time="1.266" classname="testLink.TestClass"/>
  <testcase name="test009_Hover_mouse_over" time="0.148" classname="testLink.TestClass"/>
  <testcase name="test007_authenticate_valid" time="1.809" classname="testLink.TestClass"/>
  <testcase name="test006_authenticate_Invalid" time="0.630" classname="testLink.TestClass"/>
  <testcase name="test003_bExit_Intent_Dissappear" time="3.525" classname="testLink.TestClass"/>
  <testcase name="test005_authenticate" time="0.370" classname="testLink.TestClass"/>
  <testcase name="test003_aExit_Intent" time="2.037" classname="testLink.TestClass"/>
</testsuite> <!-- testLink.TestClass -->
